<?xml version="1.0" encoding="UTF-8" ?>
<testsuite failures="0" time="0.001" errors="0" skipped="0" tests="1" name="com.sample.hibernate5.AppTest">
  <properties>
    <property name="java.runtime.name" value="Java(TM) SE Runtime Environment"/>
    <property name="sun.boot.library.path" value="C:\PPO\java\jdk1.7.0_45\jre\bin"/>
    <property name="java.vm.version" value="24.45-b08"/>
    <property name="java.vm.vendor" value="Oracle Corporation"/>
    <property name="java.vendor.url" value="http://java.oracle.com/"/>
    <property name="path.separator" value=";"/>
    <property name="guice.disable.misplaced.annotation.check" value="true"/>
    <property name="java.vm.name" value="Java HotSpot(TM) 64-Bit Server VM"/>
    <property name="file.encoding.pkg" value="sun.io"/>
    <property name="user.script" value=""/>
    <property name="user.country" value="US"/>
    <property name="sun.java.launcher" value="SUN_STANDARD"/>
    <property name="sun.os.patch.level" value="Service Pack 1"/>
    <property name="java.vm.specification.name" value="Java Virtual Machine Specification"/>
    <property name="user.dir" value="C:\Users\ab65239\java\Workspace\hibernate5\hibernate5"/>
    <property name="java.runtime.version" value="1.7.0_45-b18"/>
    <property name="java.awt.graphicsenv" value="sun.awt.Win32GraphicsEnvironment"/>
    <property name="java.endorsed.dirs" value="C:\PPO\java\jdk1.7.0_45\jre\lib\endorsed"/>
    <property name="os.arch" value="amd64"/>
    <property name="java.io.tmpdir" value="C:\Windows\Temp\"/>
    <property name="line.separator" value="
"/>
    <property name="java.vm.specification.vendor" value="Oracle Corporation"/>
    <property name="user.variant" value=""/>
    <property name="os.name" value="Windows 7"/>
    <property name="classworlds.conf" value="C:\Users\ab65239\java\Workspace\hibernate5\.metadata\.plugins\org.eclipse.m2e.launching\launches\m2conf4237192904990045589.tmp"/>
    <property name="sun.jnu.encoding" value="Cp1252"/>
    <property name="java.library.path" value="C:\PPO\java\jdk1.7.0_45\bin;C:\WINDOWS\Sun\Java\bin;C:\WINDOWS\system32;C:\WINDOWS;C:/PPO/java/jdk1.7.0_45/bin/../jre/bin/server;C:/PPO/java/jdk1.7.0_45/bin/../jre/bin;C:/PPO/java/jdk1.7.0_45/bin/../jre/lib/amd64;c:\Program Files (x86)\Serena\Dimensions\CM\prog;c:\Program Files (x86)\Serena\Dimensions\CM\prog\Microsoft.VC80.MFC;c:\Program Files (x86)\Serena\Dimensions\CM\prog\Microsoft.VC80.CRT;c:\Program Files (x86)\Serena\Dimensions\CM\prog\Microsoft.VC80.ATL;C:\Program Files (x86)\Intel\iCLS Client\;C:\Program Files\Intel\iCLS Client\;C:\WINDOWS\system32;C:\WINDOWS;C:\WINDOWS\System32\Wbem;C:\WINDOWS\System32\WindowsPowerShell\v1.0\;C:\WINDOWS\System32\WindowsPowerShell\v1.0\;C:\Program Files\Intel\Intel(R) Management Engine Components\DAL;C:\Program Files\Intel\Intel(R) Management Engine Components\IPT;C:\Program Files (x86)\Intel\Intel(R) Management Engine Components\DAL;C:\Program Files (x86)\Intel\Intel(R) Management Engine Components\IPT;%JAVA_HOME%\bin;C:\gradle-2.14.1\bin;C:\Program Files\nodejs\;C:\Program Files\Dell\Dell Data Protection\Encryption\;c:\Program Files (x86)\Serena\Dimensions\CM\prog;c:\Program Files (x86)\Serena\Dimensions\CM\prog\Microsoft.VC80.MFC;c:\Program Files (x86)\Serena\Dimensions\CM\prog\Microsoft.VC80.CRT;c:\Program Files (x86)\Serena\Dimensions\CM\prog\Microsoft.VC80.ATL;C:\Program Files (x86)\Intel\iCLS Client\;C:\Program Files\Intel\iCLS Client\;C:\WINDOWS\system32;C:\WINDOWS;C:\WINDOWS\System32\Wbem;C:\WINDOWS\System32\WindowsPowerShell\v1.0\;C:\WINDOWS\System32\WindowsPowerShell\v1.0\;C:\Program Files\Dell\Dell Data Protection\Encryption\;C:\Program Files\Intel\Intel(R) Management Engine Components\DAL;C:\Program Files\Intel\Intel(R) Management Engine Components\IPT;C:\Program Files (x86)\Intel\Intel(R) Management Engine Components\DAL;C:\Program Files (x86)\Intel\Intel(R) Management Engine Components\IPT;C:\PPO\java\jdk1.7.0_45\bin;C:\Users\ab65239\gradle-2.14.1\bin;C:\Users\ab65239\AppData\Roaming\npm;C:\PPO\java\jre1.7.0_80\bin;;C:\Users\ab65239\java\eclipse-jee-luna-SR1-win32-x86_64\eclipse;;."/>
    <property name="java.specification.name" value="Java Platform API Specification"/>
    <property name="java.class.version" value="51.0"/>
    <property name="sun.management.compiler" value="HotSpot 64-Bit Tiered Compilers"/>
    <property name="os.version" value="6.1"/>
    <property name="user.home" value="C:\Users\ab65239"/>
    <property name="user.timezone" value="Asia/Calcutta"/>
    <property name="java.awt.printerjob" value="sun.awt.windows.WPrinterJob"/>
    <property name="java.specification.version" value="1.7"/>
    <property name="file.encoding" value="Cp1252"/>
    <property name="user.name" value="ab65239"/>
    <property name="java.class.path" value="/C:/Users/ab65239/java/eclipse-jee-luna-SR1-win32-x86_64/eclipse/plugins/org.eclipse.m2e.maven.runtime_1.5.0.20140605-2032/jars/plexus-classworlds-2.5.1.jar"/>
    <property name="org.slf4j.simpleLogger.defaultLogLevel" value="info"/>
    <property name="java.vm.specification.version" value="1.7"/>
    <property name="sun.arch.data.model" value="64"/>
    <property name="java.home" value="C:\PPO\java\jdk1.7.0_45\jre"/>
    <property name="sun.java.command" value="org.codehaus.plexus.classworlds.launcher.Launcher -B install"/>
    <property name="java.specification.vendor" value="Oracle Corporation"/>
    <property name="user.language" value="en"/>
    <property name="awt.toolkit" value="sun.awt.windows.WToolkit"/>
    <property name="java.vm.info" value="mixed mode"/>
    <property name="java.version" value="1.7.0_45"/>
    <property name="java.ext.dirs" value="C:\PPO\java\jdk1.7.0_45\jre\lib\ext;C:\WINDOWS\Sun\Java\lib\ext"/>
    <property name="sun.boot.class.path" value="C:\PPO\java\jdk1.7.0_45\jre\lib\endorsed\javax.annotation_1.0.0.0_1-0.jar;C:\PPO\java\jdk1.7.0_45\jre\lib\endorsed\javax.xml.bind_2.1.1.jar;C:\PPO\java\jdk1.7.0_45\jre\lib\endorsed\javax.xml.ws_2.1.1.jar;C:\PPO\java\jdk1.7.0_45\jre\lib\resources.jar;C:\PPO\java\jdk1.7.0_45\jre\lib\rt.jar;C:\PPO\java\jdk1.7.0_45\jre\lib\sunrsasign.jar;C:\PPO\java\jdk1.7.0_45\jre\lib\jsse.jar;C:\PPO\java\jdk1.7.0_45\jre\lib\jce.jar;C:\PPO\java\jdk1.7.0_45\jre\lib\charsets.jar;C:\PPO\java\jdk1.7.0_45\jre\lib\jfr.jar;C:\PPO\java\jdk1.7.0_45\jre\classes"/>
    <property name="java.vendor" value="Oracle Corporation"/>
    <property name="maven.home" value="C:\Users\ab65239\java\Workspace\hibernate5\hibernate5\EMBEDDED"/>
    <property name="file.separator" value="\"/>
    <property name="java.vendor.url.bug" value="http://bugreport.sun.com/bugreport/"/>
    <property name="sun.cpu.endian" value="little"/>
    <property name="sun.io.unicode.encoding" value="UnicodeLittle"/>
    <property name="sun.desktop" value="windows"/>
    <property name="sun.cpu.isalist" value="amd64"/>
  </properties>
  <testcase time="0.001" classname="com.sample.hibernate5.AppTest" name="testApp"/>
</testsuite>